<?xml version="1.0" encoding="UTF-8"?>
<testng-results skipped="0" failed="0" ignored="0" total="1" passed="1">
  <reporter-output>
  </reporter-output>
  <suite name="Default suite" duration-ms="121" started-at="2022-08-29T13:11:25 IST" finished-at="2022-08-29T13:11:25 IST">
    <groups>
    </groups>
    <test name="Default test" duration-ms="121" started-at="2022-08-29T13:11:25 IST" finished-at="2022-08-29T13:11:25 IST">
      <class name="com.tms.newpack.DemoTest">
        <test-method status="PASS" signature="tc()[pri:0, instance:com.tms.newpack.DemoTest@29b5cd00]" name="tc" duration-ms="21" started-at="2022-08-29T13:11:25 IST" finished-at="2022-08-29T13:11:25 IST">
          <reporter-output>
          </reporter-output>
        </test-method> <!-- tc -->
      </class> <!-- com.tms.newpack.DemoTest -->
    </test> <!-- Default test -->
  </suite> <!-- Default suite -->
</testng-results>
